This file contains any messages produced by compilers while
running configure, to aid debugging if configure makes a mistake.

It was created by linuxnasm-network configure 1.0.0, which was
generated by GNU Autoconf 2.69.  Invocation command line was

  $ ./configure --bindir=/home/agguro/Nasm/linux-nasm.git/Examples/autotools/network/../build/network/

## --------- ##
## Platform. ##
## --------- ##

hostname = agguro
uname -m = x86_64
uname -r = 5.4.0-70-generic
uname -s = Linux
uname -v = #78-Ubuntu SMP Fri Mar 19 13:29:52 UTC 2021

/usr/bin/uname -p = unknown
/bin/uname -X     = unknown

/bin/arch              = unknown
/usr/bin/arch -k       = unknown
/usr/convex/getsysinfo = unknown
/usr/bin/hostinfo      = unknown
/bin/machine           = unknown
/usr/bin/oslevel       = unknown
/bin/universe          = unknown

PATH: /home/agguro/.local/bin
PATH: /usr/local/sbin
PATH: /usr/local/bin
PATH: /usr/sbin
PATH: /usr/bin
PATH: /sbin
PATH: /bin
PATH: /usr/games
PATH: /usr/local/games
PATH: /snap/bin


## ----------- ##
## Core tests. ##
## ----------- ##

configure:1870: checking for nasm
configure:1886: found /usr/bin/nasm
configure:1897: result: nasm
configure:1960: checking for a BSD-compatible install
configure:2028: result: /usr/bin/install -c
configure:2039: checking whether build environment is sane
configure:2094: result: yes
configure:2243: checking for a thread-safe mkdir -p
configure:2282: result: /bin/mkdir -p
configure:2289: checking for gawk
configure:2305: found /usr/bin/gawk
configure:2316: result: gawk
configure:2327: checking whether make sets $(MAKE)
configure:2349: result: yes
configure:2378: checking whether make supports nested variables
configure:2395: result: yes
configure:2526: checking build system type
configure:2540: result: x86_64-pc-linux-gnu
configure:2560: checking host system type
configure:2573: result: x86_64-pc-linux-gnu
configure:2635: checking for libgcrypt-config
configure:2653: found /usr/bin/libgcrypt-config
configure:2666: result: /usr/bin/libgcrypt-config
configure:2685: checking for LIBGCRYPT - version >= 1.8.5
configure:2723: result: yes (1.8.5)
configure:2794: checking whether make supports the include directive
configure:2809: make -f confmf.GNU && cat confinc.out
this is the am__doit target
configure:2812: $? = 0
configure:2831: result: yes (GNU style)
configure:2901: checking for gcc
configure:2917: found /usr/bin/gcc
configure:2928: result: gcc
configure:3157: checking for C compiler version
configure:3166: gcc --version >&5
gcc (Ubuntu 9.3.0-17ubuntu1~20.04) 9.3.0
Copyright (C) 2019 Free Software Foundation, Inc.
This is free software; see the source for copying conditions.  There is NO
warranty; not even for MERCHANTABILITY or FITNESS FOR A PARTICULAR PURPOSE.

configure:3177: $? = 0
configure:3166: gcc -v >&5
Using built-in specs.
COLLECT_GCC=gcc
COLLECT_LTO_WRAPPER=/usr/lib/gcc/x86_64-linux-gnu/9/lto-wrapper
OFFLOAD_TARGET_NAMES=nvptx-none:hsa
OFFLOAD_TARGET_DEFAULT=1
Target: x86_64-linux-gnu
Configured with: ../src/configure -v --with-pkgversion='Ubuntu 9.3.0-17ubuntu1~20.04' --with-bugurl=file:///usr/share/doc/gcc-9/README.Bugs --enable-languages=c,ada,c++,go,brig,d,fortran,objc,obj-c++,gm2 --prefix=/usr --with-gcc-major-version-only --program-suffix=-9 --program-prefix=x86_64-linux-gnu- --enable-shared --enable-linker-build-id --libexecdir=/usr/lib --without-included-gettext --enable-threads=posix --libdir=/usr/lib --enable-nls --enable-clocale=gnu --enable-libstdcxx-debug --enable-libstdcxx-time=yes --with-default-libstdcxx-abi=new --enable-gnu-unique-object --disable-vtable-verify --enable-plugin --enable-default-pie --with-system-zlib --with-target-system-zlib=auto --enable-objc-gc=auto --enable-multiarch --disable-werror --with-arch-32=i686 --with-abi=m64 --with-multilib-list=m32,m64,mx32 --enable-multilib --with-tune=generic --enable-offload-targets=nvptx-none=/build/gcc-9-HskZEa/gcc-9-9.3.0/debian/tmp-nvptx/usr,hsa --without-cuda-driver --enable-checking=release --build=x86_64-linux-gnu --host=x86_64-linux-gnu --target=x86_64-linux-gnu
Thread model: posix
gcc version 9.3.0 (Ubuntu 9.3.0-17ubuntu1~20.04) 
configure:3177: $? = 0
configure:3166: gcc -V >&5
gcc: error: unrecognized command line option '-V'
gcc: fatal error: no input files
compilation terminated.
configure:3177: $? = 1
configure:3166: gcc -qversion >&5
gcc: error: unrecognized command line option '-qversion'; did you mean '--version'?
gcc: fatal error: no input files
compilation terminated.
configure:3177: $? = 1
configure:3197: checking whether the C compiler works
configure:3219: gcc    conftest.c  >&5
configure:3223: $? = 0
configure:3271: result: yes
configure:3274: checking for C compiler default output file name
configure:3276: result: a.out
configure:3282: checking for suffix of executables
configure:3289: gcc -o conftest    conftest.c  >&5
configure:3293: $? = 0
configure:3315: result: 
configure:3337: checking whether we are cross compiling
configure:3345: gcc -o conftest    conftest.c  >&5
configure:3349: $? = 0
configure:3356: ./conftest
configure:3360: $? = 0
configure:3348: result: no
configure:3353: checking for suffix of object files
configure:3375: gcc -c   conftest.c >&5
configure:3379: $? = 0
configure:3400: result: o
configure:3404: checking whether we are using the GNU C compiler
configure:3423: gcc -c   conftest.c >&5
configure:3423: $? = 0
configure:3432: result: yes
configure:3441: checking whether gcc accepts -g
configure:3461: gcc -c -g  conftest.c >&5
configure:3461: $? = 0
configure:3502: result: yes
configure:3519: checking for gcc option to accept ISO C89
configure:3582: gcc  -c -g -O2  conftest.c >&5
configure:3582: $? = 0
configure:3595: result: none needed
configure:3620: checking whether gcc understands -c and -o together
configure:3642: gcc -c conftest.c -o conftest2.o
configure:3645: $? = 0
configure:3642: gcc -c conftest.c -o conftest2.o
configure:3645: $? = 0
configure:3657: result: yes
configure:3676: checking dependency style of gcc
configure:3787: result: none
configure:3803: checking for OPENSSL_init_ssl in -lssl
configure:3828: gcc -o conftest -g -O2   conftest.c -lssl   >&5
configure:3828: $? = 0
configure:3837: result: yes
configure:3993: checking that generated files are newer than configure
configure:3999: result: done
configure:4022: creating ./config.status

## ---------------------- ##
## Running config.status. ##
## ---------------------- ##

This file was extended by linuxnasm-network config.status 1.0.0, which was
generated by GNU Autoconf 2.69.  Invocation command line was

  CONFIG_FILES    = 
  CONFIG_HEADERS  = 
  CONFIG_LINKS    = 
  CONFIG_COMMANDS = 
  $ ./config.status 

on agguro

config.status:783: creating Makefile
config.status:783: creating sslsocket/Makefile
config.status:955: executing depfiles commands

## ---------------- ##
## Cache variables. ##
## ---------------- ##

ac_cv_build=x86_64-pc-linux-gnu
ac_cv_c_compiler_gnu=yes
ac_cv_env_CC_set=
ac_cv_env_CC_value=
ac_cv_env_CFLAGS_set=
ac_cv_env_CFLAGS_value=
ac_cv_env_CPPFLAGS_set=
ac_cv_env_CPPFLAGS_value=
ac_cv_env_LDFLAGS_set=
ac_cv_env_LDFLAGS_value=
ac_cv_env_LIBS_set=
ac_cv_env_LIBS_value=
ac_cv_env_build_alias_set=
ac_cv_env_build_alias_value=
ac_cv_env_host_alias_set=
ac_cv_env_host_alias_value=
ac_cv_env_target_alias_set=
ac_cv_env_target_alias_value=
ac_cv_host=x86_64-pc-linux-gnu
ac_cv_lib_ssl_OPENSSL_init_ssl=yes
ac_cv_objext=o
ac_cv_path_LIBGCRYPT_CONFIG=/usr/bin/libgcrypt-config
ac_cv_path_install='/usr/bin/install -c'
ac_cv_path_mkdir=/bin/mkdir
ac_cv_prog_AWK=gawk
ac_cv_prog_ac_ct_CC=gcc
ac_cv_prog_cc_c89=
ac_cv_prog_cc_g=yes
ac_cv_prog_make_make_set=yes
ac_cv_prog_nasm=nasm
am_cv_CC_dependencies_compiler_type=none
am_cv_make_support_nested_variables=yes
am_cv_prog_cc_c_o=yes

## ----------------- ##
## Output variables. ##
## ----------------- ##

ACLOCAL='${SHELL} /home/agguro/Nasm/linux-nasm.git/Examples/autotools/network/missing aclocal-1.16'
AMDEPBACKSLASH='\'
AMDEP_FALSE='#'
AMDEP_TRUE=''
AMTAR='$${TAR-tar}'
AM_BACKSLASH='\'
AM_DEFAULT_V='$(AM_DEFAULT_VERBOSITY)'
AM_DEFAULT_VERBOSITY='1'
AM_V='$(V)'
AUTOCONF='${SHELL} /home/agguro/Nasm/linux-nasm.git/Examples/autotools/network/missing autoconf'
AUTOHEADER='${SHELL} /home/agguro/Nasm/linux-nasm.git/Examples/autotools/network/missing autoheader'
AUTOMAKE='${SHELL} /home/agguro/Nasm/linux-nasm.git/Examples/autotools/network/missing automake-1.16'
AWK='gawk'
CC='gcc'
CCDEPMODE='depmode=none'
CFLAGS='-g -O2'
CPPFLAGS=''
CYGPATH_W='echo'
DEFS='-DPACKAGE_NAME=\"linuxnasm-network\" -DPACKAGE_TARNAME=\"agguro\" -DPACKAGE_VERSION=\"1.0.0\" -DPACKAGE_STRING=\"linuxnasm-network\ 1.0.0\" -DPACKAGE_BUGREPORT=\"aggurobe@gmail.com\" -DPACKAGE_URL=\"https://linuxnasm.be\" -DPACKAGE=\"agguro\" -DVERSION=\"1.0.0\" -DHAVE_LIBSSL=1'
DEPDIR='.deps'
ECHO_C=''
ECHO_N='-n'
ECHO_T=''
EXEEXT=''
INSTALL_DATA='${INSTALL} -m 644'
INSTALL_PROGRAM='${INSTALL}'
INSTALL_SCRIPT='${INSTALL}'
INSTALL_STRIP_PROGRAM='$(install_sh) -c -s'
LDFLAGS=''
LIBGCRYPT_CFLAGS=''
LIBGCRYPT_CONFIG='/usr/bin/libgcrypt-config'
LIBGCRYPT_LIBS='-L/usr/lib/x86_64-linux-gnu -lgcrypt'
LIBOBJS=''
LIBS='-lssl '
LTLIBOBJS=''
MAKEINFO='${SHELL} /home/agguro/Nasm/linux-nasm.git/Examples/autotools/network/missing makeinfo'
MKDIR_P='/bin/mkdir -p'
OBJEXT='o'
PACKAGE='agguro'
PACKAGE_BUGREPORT='aggurobe@gmail.com'
PACKAGE_NAME='linuxnasm-network'
PACKAGE_STRING='linuxnasm-network 1.0.0'
PACKAGE_TARNAME='agguro'
PACKAGE_URL='https://linuxnasm.be'
PACKAGE_VERSION='1.0.0'
PATH_SEPARATOR=':'
SET_MAKE=''
SHELL='/bin/bash'
STRIP=''
VERSION='1.0.0'
ac_ct_CC='gcc'
am__EXEEXT_FALSE=''
am__EXEEXT_TRUE='#'
am__fastdepCC_FALSE=''
am__fastdepCC_TRUE='#'
am__include='include'
am__isrc=''
am__leading_dot='.'
am__nodep='_no'
am__quote=''
am__tar='$${TAR-tar} chof - "$$tardir"'
am__untar='$${TAR-tar} xf -'
bindir='/home/agguro/Nasm/linux-nasm.git/Examples/autotools/network/../build/network'
build='x86_64-pc-linux-gnu'
build_alias=''
build_cpu='x86_64'
build_os='linux-gnu'
build_vendor='pc'
datadir='${datarootdir}'
datarootdir='${prefix}/share'
docdir='${datarootdir}/doc/${PACKAGE_TARNAME}'
dvidir='${docdir}'
exec_prefix='${prefix}'
host='x86_64-pc-linux-gnu'
host_alias=''
host_cpu='x86_64'
host_os='linux-gnu'
host_vendor='pc'
htmldir='${docdir}'
includedir='${prefix}/include'
infodir='${datarootdir}/info'
install_sh='${SHELL} /home/agguro/Nasm/linux-nasm.git/Examples/autotools/network/install-sh'
libdir='${exec_prefix}/lib'
libexecdir='${exec_prefix}/libexec'
localedir='${datarootdir}/locale'
localstatedir='${prefix}/var'
mandir='${datarootdir}/man'
mkdir_p='$(MKDIR_P)'
nasm='nasm'
oldincludedir='/usr/include'
pdfdir='${docdir}'
prefix='/usr/local'
program_transform_name='s,x,x,'
psdir='${docdir}'
runstatedir='${localstatedir}/run'
sbindir='${exec_prefix}/sbin'
sharedstatedir='${prefix}/com'
sysconfdir='${prefix}/etc'
target_alias=''

## ----------- ##
## confdefs.h. ##
## ----------- ##

/* confdefs.h */
#define PACKAGE_NAME "linuxnasm-network"
#define PACKAGE_TARNAME "agguro"
#define PACKAGE_VERSION "1.0.0"
#define PACKAGE_STRING "linuxnasm-network 1.0.0"
#define PACKAGE_BUGREPORT "aggurobe@gmail.com"
#define PACKAGE_URL "https://linuxnasm.be"
#define PACKAGE "agguro"
#define VERSION "1.0.0"
#define HAVE_LIBSSL 1

configure: exit 0
