This file contains any messages produced by compilers while
running configure, to aid debugging if configure makes a mistake.

It was created by version configure 1.0.0, which was
generated by GNU Autoconf 2.69.  Invocation command line was

  $ ../configure 

## --------- ##
## Platform. ##
## --------- ##

hostname = agguro
uname -m = x86_64
uname -r = 5.4.0-72-generic
uname -s = Linux
uname -v = #80-Ubuntu SMP Mon Apr 12 17:35:00 UTC 2021

/usr/bin/uname -p = unknown
/bin/uname -X     = unknown

/bin/arch              = unknown
/usr/bin/arch -k       = unknown
/usr/convex/getsysinfo = unknown
/usr/bin/hostinfo      = unknown
/bin/machine           = unknown
/usr/bin/oslevel       = unknown
/bin/universe          = unknown

PATH: /home/agguro/.local/bin
PATH: /usr/local/sbin
PATH: /usr/local/bin
PATH: /usr/sbin
PATH: /usr/bin
PATH: /sbin
PATH: /bin
PATH: /usr/games
PATH: /usr/local/games
PATH: /snap/bin


## ----------- ##
## Core tests. ##
## ----------- ##

configure:1929: checking for nasm
configure:1945: found /usr/bin/nasm
configure:1956: result: nasm
configure:2027: checking for a BSD-compatible install
configure:2095: result: /usr/bin/install -c
configure:2106: checking whether build environment is sane
configure:2161: result: yes
configure:2310: checking for a thread-safe mkdir -p
configure:2349: result: /bin/mkdir -p
configure:2356: checking for gawk
configure:2372: found /usr/bin/gawk
configure:2383: result: gawk
configure:2394: checking whether make sets $(MAKE)
configure:2416: result: yes
configure:2445: checking whether make supports nested variables
configure:2462: result: yes
configure:2592: checking whether make supports the include directive
configure:2607: make -f confmf.GNU && cat confinc.out
this is the am__doit target
configure:2610: $? = 0
configure:2629: result: yes (GNU style)
configure:2699: checking for gcc
configure:2715: found /usr/bin/gcc
configure:2726: result: gcc
configure:2955: checking for C compiler version
configure:2964: gcc --version >&5
gcc (Ubuntu 9.3.0-17ubuntu1~20.04) 9.3.0
Copyright (C) 2019 Free Software Foundation, Inc.
This is free software; see the source for copying conditions.  There is NO
warranty; not even for MERCHANTABILITY or FITNESS FOR A PARTICULAR PURPOSE.

configure:2975: $? = 0
configure:2964: gcc -v >&5
Using built-in specs.
COLLECT_GCC=gcc
COLLECT_LTO_WRAPPER=/usr/lib/gcc/x86_64-linux-gnu/9/lto-wrapper
OFFLOAD_TARGET_NAMES=nvptx-none:hsa
OFFLOAD_TARGET_DEFAULT=1
Target: x86_64-linux-gnu
Configured with: ../src/configure -v --with-pkgversion='Ubuntu 9.3.0-17ubuntu1~20.04' --with-bugurl=file:///usr/share/doc/gcc-9/README.Bugs --enable-languages=c,ada,c++,go,brig,d,fortran,objc,obj-c++,gm2 --prefix=/usr --with-gcc-major-version-only --program-suffix=-9 --program-prefix=x86_64-linux-gnu- --enable-shared --enable-linker-build-id --libexecdir=/usr/lib --without-included-gettext --enable-threads=posix --libdir=/usr/lib --enable-nls --enable-clocale=gnu --enable-libstdcxx-debug --enable-libstdcxx-time=yes --with-default-libstdcxx-abi=new --enable-gnu-unique-object --disable-vtable-verify --enable-plugin --enable-default-pie --with-system-zlib --with-target-system-zlib=auto --enable-objc-gc=auto --enable-multiarch --disable-werror --with-arch-32=i686 --with-abi=m64 --with-multilib-list=m32,m64,mx32 --enable-multilib --with-tune=generic --enable-offload-targets=nvptx-none=/build/gcc-9-HskZEa/gcc-9-9.3.0/debian/tmp-nvptx/usr,hsa --without-cuda-driver --enable-checking=release --build=x86_64-linux-gnu --host=x86_64-linux-gnu --target=x86_64-linux-gnu
Thread model: posix
gcc version 9.3.0 (Ubuntu 9.3.0-17ubuntu1~20.04) 
configure:2975: $? = 0
configure:2964: gcc -V >&5
gcc: error: unrecognized command line option '-V'
gcc: fatal error: no input files
compilation terminated.
configure:2975: $? = 1
configure:2964: gcc -qversion >&5
gcc: error: unrecognized command line option '-qversion'; did you mean '--version'?
gcc: fatal error: no input files
compilation terminated.
configure:2975: $? = 1
configure:2995: checking whether the C compiler works
configure:3017: gcc    conftest.c  >&5
configure:3021: $? = 0
configure:3069: result: yes
configure:3072: checking for C compiler default output file name
configure:3074: result: a.out
configure:3080: checking for suffix of executables
configure:3087: gcc -o conftest    conftest.c  >&5
configure:3091: $? = 0
configure:3113: result: 
configure:3135: checking whether we are cross compiling
configure:3143: gcc -o conftest    conftest.c  >&5
configure:3147: $? = 0
configure:3154: ./conftest
configure:3158: $? = 0
configure:3146: result: no
configure:3151: checking for suffix of object files
configure:3173: gcc -c   conftest.c >&5
configure:3177: $? = 0
configure:3198: result: o
configure:3202: checking whether we are using the GNU C compiler
configure:3221: gcc -c   conftest.c >&5
configure:3221: $? = 0
configure:3230: result: yes
configure:3239: checking whether gcc accepts -g
configure:3259: gcc -c -g  conftest.c >&5
configure:3259: $? = 0
configure:3300: result: yes
configure:3317: checking for gcc option to accept ISO C89
configure:3380: gcc  -c -g -O2  conftest.c >&5
configure:3380: $? = 0
configure:3393: result: none needed
configure:3418: checking whether gcc understands -c and -o together
configure:3440: gcc -c conftest.c -o conftest2.o
configure:3443: $? = 0
configure:3440: gcc -c conftest.c -o conftest2.o
configure:3443: $? = 0
configure:3455: result: yes
configure:3474: checking dependency style of gcc
configure:3585: result: gcc3
configure:3689: checking for pkg-config
configure:3707: found /usr/bin/pkg-config
configure:3719: result: /usr/bin/pkg-config
configure:3744: checking pkg-config is at least version 0.16
configure:3747: result: yes
configure:3765: checking for GLIB
configure:3772: $PKG_CONFIG --exists --print-errors "$pkg_config_args"
configure:3775: $? = 0
configure:3789: $PKG_CONFIG --exists --print-errors "$pkg_config_args"
configure:3792: $? = 0
configure:3830: result: yes
configure:3840: $PKG_CONFIG --exists --print-errors "glib-2.0"
configure:3843: $? = 0
configure:3863: $PKG_CONFIG --exists --print-errors "glib-2.0"
configure:3866: $? = 0
configure:3886: $PKG_CONFIG --exists --print-errors "glib-2.0"
configure:3889: $? = 0
configure:3909: $PKG_CONFIG --exists --print-errors "gio-2.0"
configure:3912: $? = 0
configure:3928: checking for GLIB - version >= 2.56.0
configure:4033: gcc -o conftest -g -O2 -I/usr/include/glib-2.0 -I/usr/lib/x86_64-linux-gnu/glib-2.0/include   conftest.c -lglib-2.0  >&5
configure:4033: $? = 0
configure:4033: ./conftest
configure:4033: $? = 0
configure:4047: result: yes (version 2.64.6)
configure:4248: checking that generated files are newer than configure
configure:4254: result: done
configure:4277: creating ./config.status

## ---------------------- ##
## Running config.status. ##
## ---------------------- ##

This file was extended by version config.status 1.0.0, which was
generated by GNU Autoconf 2.69.  Invocation command line was

  CONFIG_FILES    = 
  CONFIG_HEADERS  = 
  CONFIG_LINKS    = 
  CONFIG_COMMANDS = 
  $ ./config.status 

on agguro

config.status:784: creating Makefile
config.status:941: executing depfiles commands
config.status:1018: cd .       && sed -e '/# am--include-marker/d' Makefile         | make -f - am--depfiles
config.status:1023: $? = 0

## ---------------- ##
## Cache variables. ##
## ---------------- ##

ac_cv_c_compiler_gnu=yes
ac_cv_env_CC_set=
ac_cv_env_CC_value=
ac_cv_env_CFLAGS_set=
ac_cv_env_CFLAGS_value=
ac_cv_env_CPPFLAGS_set=
ac_cv_env_CPPFLAGS_value=
ac_cv_env_GLIB_CFLAGS_set=
ac_cv_env_GLIB_CFLAGS_value=
ac_cv_env_GLIB_COMPILE_RESOURCES_set=
ac_cv_env_GLIB_COMPILE_RESOURCES_value=
ac_cv_env_GLIB_GENMARSHAL_set=
ac_cv_env_GLIB_GENMARSHAL_value=
ac_cv_env_GLIB_LIBS_set=
ac_cv_env_GLIB_LIBS_value=
ac_cv_env_GLIB_MKENUMS_set=
ac_cv_env_GLIB_MKENUMS_value=
ac_cv_env_GOBJECT_QUERY_set=
ac_cv_env_GOBJECT_QUERY_value=
ac_cv_env_LDFLAGS_set=
ac_cv_env_LDFLAGS_value=
ac_cv_env_LIBS_set=
ac_cv_env_LIBS_value=
ac_cv_env_PKG_CONFIG_LIBDIR_set=
ac_cv_env_PKG_CONFIG_LIBDIR_value=
ac_cv_env_PKG_CONFIG_PATH_set=
ac_cv_env_PKG_CONFIG_PATH_value=
ac_cv_env_PKG_CONFIG_set=
ac_cv_env_PKG_CONFIG_value=
ac_cv_env_build_alias_set=
ac_cv_env_build_alias_value=
ac_cv_env_host_alias_set=
ac_cv_env_host_alias_value=
ac_cv_env_target_alias_set=
ac_cv_env_target_alias_value=
ac_cv_objext=o
ac_cv_path_ac_pt_PKG_CONFIG=/usr/bin/pkg-config
ac_cv_path_install='/usr/bin/install -c'
ac_cv_path_mkdir=/bin/mkdir
ac_cv_prog_AWK=gawk
ac_cv_prog_ac_ct_CC=gcc
ac_cv_prog_cc_c89=
ac_cv_prog_cc_g=yes
ac_cv_prog_make_make_set=yes
ac_cv_prog_nasm=nasm
am_cv_CC_dependencies_compiler_type=gcc3
am_cv_make_support_nested_variables=yes
am_cv_prog_cc_c_o=yes
pkg_cv_GLIB_CFLAGS='-I/usr/include/glib-2.0 -I/usr/lib/x86_64-linux-gnu/glib-2.0/include'
pkg_cv_GLIB_COMPILE_RESOURCES=/usr/bin/glib-compile-resources
pkg_cv_GLIB_GENMARSHAL=/usr/bin/glib-genmarshal
pkg_cv_GLIB_LIBS=-lglib-2.0
pkg_cv_GLIB_MKENUMS=/usr/bin/glib-mkenums
pkg_cv_GOBJECT_QUERY=/usr/bin/gobject-query

## ----------------- ##
## Output variables. ##
## ----------------- ##

ACLOCAL='${SHELL} /home/agguro/Nasm/ToDo/gtk-programming/glib2.0/01-version/missing aclocal-1.16'
AMDEPBACKSLASH='\'
AMDEP_FALSE='#'
AMDEP_TRUE=''
AMTAR='$${TAR-tar}'
AM_BACKSLASH='\'
AM_DEFAULT_V='$(AM_DEFAULT_VERBOSITY)'
AM_DEFAULT_VERBOSITY='1'
AM_V='$(V)'
AUTOCONF='${SHELL} /home/agguro/Nasm/ToDo/gtk-programming/glib2.0/01-version/missing autoconf'
AUTOHEADER='${SHELL} /home/agguro/Nasm/ToDo/gtk-programming/glib2.0/01-version/missing autoheader'
AUTOMAKE='${SHELL} /home/agguro/Nasm/ToDo/gtk-programming/glib2.0/01-version/missing automake-1.16'
AWK='gawk'
CC='gcc'
CCDEPMODE='depmode=gcc3'
CFLAGS='-g -O2'
CPPFLAGS=''
CYGPATH_W='echo'
DEFS='-DPACKAGE_NAME=\"version\" -DPACKAGE_TARNAME=\"version\" -DPACKAGE_VERSION=\"1.0.0\" -DPACKAGE_STRING=\"version\ 1.0.0\" -DPACKAGE_BUGREPORT=\"aggurobe@gmail.com\" -DPACKAGE_URL=\"https://linuxnasm.be\" -DPACKAGE=\"version\" -DVERSION=\"1.0.0\"'
DEPDIR='.deps'
ECHO_C=''
ECHO_N='-n'
ECHO_T=''
EXEEXT=''
GLIB_CFLAGS='-I/usr/include/glib-2.0 -I/usr/lib/x86_64-linux-gnu/glib-2.0/include'
GLIB_COMPILE_RESOURCES='/usr/bin/glib-compile-resources'
GLIB_GENMARSHAL='/usr/bin/glib-genmarshal'
GLIB_LIBS='-lglib-2.0'
GLIB_MKENUMS='/usr/bin/glib-mkenums'
GOBJECT_QUERY='/usr/bin/gobject-query'
INSTALL_DATA='${INSTALL} -m 644'
INSTALL_PROGRAM='${INSTALL}'
INSTALL_SCRIPT='${INSTALL}'
INSTALL_STRIP_PROGRAM='$(install_sh) -c -s'
LDFLAGS=''
LIBOBJS=''
LIBS=''
LTLIBOBJS=''
MAKEINFO='${SHELL} /home/agguro/Nasm/ToDo/gtk-programming/glib2.0/01-version/missing makeinfo'
MKDIR_P='/bin/mkdir -p'
OBJEXT='o'
PACKAGE='version'
PACKAGE_BUGREPORT='aggurobe@gmail.com'
PACKAGE_LDFLAGS='-m elf_x86_64 -g --dynamic-linker /lib64/ld-linux-x86-64.so.2'
PACKAGE_LIBS='-lc -lgtk-x11-2.0 -lgdk-x11-2.0 -lpangocairo-1.0 -latk-1.0 -lcairo -lgdk_pixbuf-2.0 -lgio-2.0 -lpangoft2-1.0 -lpango-1.0 -lgobject-2.0 -lglib-2.0 -lharfbuzz -lfontconfig -lfreetype'
PACKAGE_NAME='version'
PACKAGE_NASMFLAGS='-f elf64 -F dwarf -g'
PACKAGE_STRING='version 1.0.0'
PACKAGE_TARNAME='version'
PACKAGE_URL='https://linuxnasm.be'
PACKAGE_VERSION='1.0.0'
PATH_SEPARATOR=':'
PKG_CONFIG='/usr/bin/pkg-config'
PKG_CONFIG_LIBDIR=''
PKG_CONFIG_PATH=''
SET_MAKE=''
SHELL='/bin/bash'
STRIP=''
VERSION='1.0.0'
ac_ct_CC='gcc'
am__EXEEXT_FALSE=''
am__EXEEXT_TRUE='#'
am__fastdepCC_FALSE='#'
am__fastdepCC_TRUE=''
am__include='include'
am__isrc=' -I$(srcdir)'
am__leading_dot='.'
am__nodep='_no'
am__quote=''
am__tar='$${TAR-tar} chof - "$$tardir"'
am__untar='$${TAR-tar} xf -'
bindir='${exec_prefix}/bin'
build_alias=''
datadir='${datarootdir}'
datarootdir='${prefix}/share'
docdir='${datarootdir}/doc/${PACKAGE_TARNAME}'
dvidir='${docdir}'
exec_prefix='${prefix}'
host_alias=''
htmldir='${docdir}'
includedir='${prefix}/include'
infodir='${datarootdir}/info'
install_sh='${SHELL} /home/agguro/Nasm/ToDo/gtk-programming/glib2.0/01-version/install-sh'
libdir='${exec_prefix}/lib'
libexecdir='${exec_prefix}/libexec'
localedir='${datarootdir}/locale'
localstatedir='${prefix}/var'
mandir='${datarootdir}/man'
mkdir_p='$(MKDIR_P)'
nasm='nasm'
oldincludedir='/usr/include'
pdfdir='${docdir}'
prefix='/usr/local'
program_transform_name='s,x,x,'
psdir='${docdir}'
runstatedir='${localstatedir}/run'
sbindir='${exec_prefix}/sbin'
sharedstatedir='${prefix}/com'
sysconfdir='${prefix}/etc'
target_alias=''

## ----------- ##
## confdefs.h. ##
## ----------- ##

/* confdefs.h */
#define PACKAGE_NAME "version"
#define PACKAGE_TARNAME "version"
#define PACKAGE_VERSION "1.0.0"
#define PACKAGE_STRING "version 1.0.0"
#define PACKAGE_BUGREPORT "aggurobe@gmail.com"
#define PACKAGE_URL "https://linuxnasm.be"
#define PACKAGE "version"
#define VERSION "1.0.0"

configure: exit 0
