This file contains any messages produced by compilers while
running configure, to aid debugging if configure makes a mistake.

It was created by linuxnasm-x11 configure 1.0.0, which was
generated by GNU Autoconf 2.69.  Invocation command line was

  $ ./configure --bindir=/home/agguro/Nasm/linux-nasm.git/Examples/autotools/X11/../build/X11/

## --------- ##
## Platform. ##
## --------- ##

hostname = agguro
uname -m = x86_64
uname -r = 5.4.0-70-generic
uname -s = Linux
uname -v = #78-Ubuntu SMP Fri Mar 19 13:29:52 UTC 2021

/usr/bin/uname -p = unknown
/bin/uname -X     = unknown

/bin/arch              = unknown
/usr/bin/arch -k       = unknown
/usr/convex/getsysinfo = unknown
/usr/bin/hostinfo      = unknown
/bin/machine           = unknown
/usr/bin/oslevel       = unknown
/bin/universe          = unknown

PATH: /home/agguro/.local/bin
PATH: /usr/local/sbin
PATH: /usr/local/bin
PATH: /usr/sbin
PATH: /usr/bin
PATH: /sbin
PATH: /bin
PATH: /usr/games
PATH: /usr/local/games
PATH: /snap/bin


## ----------- ##
## Core tests. ##
## ----------- ##

configure:1723: checking for nasm
configure:1739: found /usr/bin/nasm
configure:1750: result: nasm
configure:1813: checking for a BSD-compatible install
configure:1881: result: /usr/bin/install -c
configure:1892: checking whether build environment is sane
configure:1947: result: yes
configure:2096: checking for a thread-safe mkdir -p
configure:2135: result: /bin/mkdir -p
configure:2142: checking for gawk
configure:2158: found /usr/bin/gawk
configure:2169: result: gawk
configure:2180: checking whether make sets $(MAKE)
configure:2202: result: yes
configure:2231: checking whether make supports nested variables
configure:2248: result: yes
configure:2514: checking that generated files are newer than configure
configure:2520: result: done
configure:2528: creating ./config.status

## ---------------------- ##
## Running config.status. ##
## ---------------------- ##

This file was extended by linuxnasm-x11 config.status 1.0.0, which was
generated by GNU Autoconf 2.69.  Invocation command line was

  CONFIG_FILES    = 
  CONFIG_HEADERS  = 
  CONFIG_LINKS    = 
  CONFIG_COMMANDS = 
  $ ./config.status 

on agguro

config.status:742: creating Makefile
config.status:742: creating x11info/Makefile

## ---------------- ##
## Cache variables. ##
## ---------------- ##

ac_cv_env_build_alias_set=
ac_cv_env_build_alias_value=
ac_cv_env_host_alias_set=
ac_cv_env_host_alias_value=
ac_cv_env_target_alias_set=
ac_cv_env_target_alias_value=
ac_cv_path_install='/usr/bin/install -c'
ac_cv_path_mkdir=/bin/mkdir
ac_cv_prog_AWK=gawk
ac_cv_prog_make_make_set=yes
ac_cv_prog_nasm=nasm
am_cv_make_support_nested_variables=yes

## ----------------- ##
## Output variables. ##
## ----------------- ##

ACLOCAL='${SHELL} /home/agguro/Nasm/linux-nasm.git/Examples/autotools/X11/missing aclocal-1.16'
AMTAR='$${TAR-tar}'
AM_BACKSLASH='\'
AM_DEFAULT_V='$(AM_DEFAULT_VERBOSITY)'
AM_DEFAULT_VERBOSITY='1'
AM_V='$(V)'
AUTOCONF='${SHELL} /home/agguro/Nasm/linux-nasm.git/Examples/autotools/X11/missing autoconf'
AUTOHEADER='${SHELL} /home/agguro/Nasm/linux-nasm.git/Examples/autotools/X11/missing autoheader'
AUTOMAKE='${SHELL} /home/agguro/Nasm/linux-nasm.git/Examples/autotools/X11/missing automake-1.16'
AWK='gawk'
CYGPATH_W='echo'
DEFS='-DPACKAGE_NAME=\"linuxnasm-x11\" -DPACKAGE_TARNAME=\"agguro\" -DPACKAGE_VERSION=\"1.0.0\" -DPACKAGE_STRING=\"linuxnasm-x11\ 1.0.0\" -DPACKAGE_BUGREPORT=\"aggurobe@gmail.com\" -DPACKAGE_URL=\"https://linuxnasm.be\" -DPACKAGE=\"agguro\" -DVERSION=\"1.0.0\"'
ECHO_C=''
ECHO_N='-n'
ECHO_T=''
INSTALL_DATA='${INSTALL} -m 644'
INSTALL_PROGRAM='${INSTALL}'
INSTALL_SCRIPT='${INSTALL}'
INSTALL_STRIP_PROGRAM='$(install_sh) -c -s'
LIBOBJS=''
LIBS=''
LTLIBOBJS=''
MAKEINFO='${SHELL} /home/agguro/Nasm/linux-nasm.git/Examples/autotools/X11/missing makeinfo'
MKDIR_P='/bin/mkdir -p'
PACKAGE='agguro'
PACKAGE_BUGREPORT='aggurobe@gmail.com'
PACKAGE_NAME='linuxnasm-x11'
PACKAGE_STRING='linuxnasm-x11 1.0.0'
PACKAGE_TARNAME='agguro'
PACKAGE_URL='https://linuxnasm.be'
PACKAGE_VERSION='1.0.0'
PATH_SEPARATOR=':'
SET_MAKE=''
SHELL='/bin/bash'
STRIP=''
VERSION='1.0.0'
am__isrc=''
am__leading_dot='.'
am__tar='$${TAR-tar} chof - "$$tardir"'
am__untar='$${TAR-tar} xf -'
bindir='/home/agguro/Nasm/linux-nasm.git/Examples/autotools/X11/../build/X11'
build_alias=''
datadir='${datarootdir}'
datarootdir='${prefix}/share'
docdir='${datarootdir}/doc/${PACKAGE_TARNAME}'
dvidir='${docdir}'
exec_prefix='${prefix}'
host_alias=''
htmldir='${docdir}'
includedir='${prefix}/include'
infodir='${datarootdir}/info'
install_sh='${SHELL} /home/agguro/Nasm/linux-nasm.git/Examples/autotools/X11/install-sh'
libdir='${exec_prefix}/lib'
libexecdir='${exec_prefix}/libexec'
localedir='${datarootdir}/locale'
localstatedir='${prefix}/var'
mandir='${datarootdir}/man'
mkdir_p='$(MKDIR_P)'
nasm='nasm'
oldincludedir='/usr/include'
pdfdir='${docdir}'
prefix='/usr/local'
program_transform_name='s,x,x,'
psdir='${docdir}'
runstatedir='${localstatedir}/run'
sbindir='${exec_prefix}/sbin'
sharedstatedir='${prefix}/com'
sysconfdir='${prefix}/etc'
target_alias=''

## ----------- ##
## confdefs.h. ##
## ----------- ##

/* confdefs.h */
#define PACKAGE_NAME "linuxnasm-x11"
#define PACKAGE_TARNAME "agguro"
#define PACKAGE_VERSION "1.0.0"
#define PACKAGE_STRING "linuxnasm-x11 1.0.0"
#define PACKAGE_BUGREPORT "aggurobe@gmail.com"
#define PACKAGE_URL "https://linuxnasm.be"
#define PACKAGE "agguro"
#define VERSION "1.0.0"

configure: exit 0
