This file contains any messages produced by compilers while
running configure, to aid debugging if configure makes a mistake.

It was created by dynamiclistview configure 1.0.0, which was
generated by GNU Autoconf 2.71.  Invocation command line was

  $ ../configure

## --------- ##
## Platform. ##
## --------- ##

hostname = aggurohome
uname -m = x86_64
uname -r = 5.15.0-87-generic
uname -s = Linux
uname -v = #97-Ubuntu SMP Mon Oct 2 21:09:21 UTC 2023

/usr/bin/uname -p = x86_64
/bin/uname -X     = unknown

/bin/arch              = x86_64
/usr/bin/arch -k       = unknown
/usr/convex/getsysinfo = unknown
/usr/bin/hostinfo      = unknown
/bin/machine           = unknown
/usr/bin/oslevel       = unknown
/bin/universe          = unknown

PATH: /home/agguro/.local/bin/
PATH: /usr/local/sbin/
PATH: /usr/local/bin/
PATH: /usr/sbin/
PATH: /usr/bin/
PATH: /sbin/
PATH: /bin/
PATH: /usr/games/
PATH: /usr/local/games/
PATH: /snap/bin/


## ----------- ##
## Core tests. ##
## ----------- ##

configure:2232: looking for aux files: compile missing install-sh
configure:2245:  trying ../
configure:2274:   ../compile found
configure:2274:   ../missing found
configure:2256:   ../install-sh found
configure:2391: checking for nasm
configure:2412: found /usr/bin/nasm
configure:2423: result: nasm
configure:2467: checking for a BSD-compatible install
configure:2540: result: /usr/bin/install -c
configure:2551: checking whether build environment is sane
configure:2606: result: yes
configure:2765: checking for a race-free mkdir -p
configure:2809: result: /usr/bin/mkdir -p
configure:2816: checking for gawk
configure:2837: found /usr/bin/gawk
configure:2848: result: gawk
configure:2859: checking whether make sets $(MAKE)
configure:2882: result: yes
configure:2912: checking whether make supports nested variables
configure:2930: result: yes
configure:3079: checking whether make supports the include directive
configure:3094: make -f confmf.GNU && cat confinc.out
this is the am__doit target
configure:3097: $? = 0
configure:3116: result: yes (GNU style)
configure:3192: checking for gcc
configure:3213: found /usr/bin/gcc
configure:3224: result: gcc
configure:3577: checking for C compiler version
configure:3586: gcc --version >&5
gcc (Ubuntu 11.4.0-1ubuntu1~22.04) 11.4.0
Copyright (C) 2021 Free Software Foundation, Inc.
This is free software; see the source for copying conditions.  There is NO
warranty; not even for MERCHANTABILITY or FITNESS FOR A PARTICULAR PURPOSE.

configure:3597: $? = 0
configure:3586: gcc -v >&5
Using built-in specs.
COLLECT_GCC=gcc
COLLECT_LTO_WRAPPER=/usr/lib/gcc/x86_64-linux-gnu/11/lto-wrapper
OFFLOAD_TARGET_NAMES=nvptx-none:amdgcn-amdhsa
OFFLOAD_TARGET_DEFAULT=1
Target: x86_64-linux-gnu
Configured with: ../src/configure -v --with-pkgversion='Ubuntu 11.4.0-1ubuntu1~22.04' --with-bugurl=file:///usr/share/doc/gcc-11/README.Bugs --enable-languages=c,ada,c++,go,brig,d,fortran,objc,obj-c++,m2 --prefix=/usr --with-gcc-major-version-only --program-suffix=-11 --program-prefix=x86_64-linux-gnu- --enable-shared --enable-linker-build-id --libexecdir=/usr/lib --without-included-gettext --enable-threads=posix --libdir=/usr/lib --enable-nls --enable-bootstrap --enable-clocale=gnu --enable-libstdcxx-debug --enable-libstdcxx-time=yes --with-default-libstdcxx-abi=new --enable-gnu-unique-object --disable-vtable-verify --enable-plugin --enable-default-pie --with-system-zlib --enable-libphobos-checking=release --with-target-system-zlib=auto --enable-objc-gc=auto --enable-multiarch --disable-werror --enable-cet --with-arch-32=i686 --with-abi=m64 --with-multilib-list=m32,m64,mx32 --enable-multilib --with-tune=generic --enable-offload-targets=nvptx-none=/build/gcc-11-XeT9lY/gcc-11-11.4.0/debian/tmp-nvptx/usr,amdgcn-amdhsa=/build/gcc-11-XeT9lY/gcc-11-11.4.0/debian/tmp-gcn/usr --without-cuda-driver --enable-checking=release --build=x86_64-linux-gnu --host=x86_64-linux-gnu --target=x86_64-linux-gnu --with-build-config=bootstrap-lto-lean --enable-link-serialization=2
Thread model: posix
Supported LTO compression algorithms: zlib zstd
gcc version 11.4.0 (Ubuntu 11.4.0-1ubuntu1~22.04) 
... rest of stderr output deleted ...
configure:3597: $? = 0
configure:3586: gcc -V >&5
gcc: error: unrecognized command-line option '-V'
gcc: fatal error: no input files
compilation terminated.
configure:3597: $? = 1
configure:3586: gcc -qversion >&5
gcc: error: unrecognized command-line option '-qversion'; did you mean '--version'?
gcc: fatal error: no input files
compilation terminated.
configure:3597: $? = 1
configure:3586: gcc -version >&5
gcc: error: unrecognized command-line option '-version'
gcc: fatal error: no input files
compilation terminated.
configure:3597: $? = 1
configure:3617: checking whether the C compiler works
configure:3639: gcc    conftest.c  >&5
configure:3643: $? = 0
configure:3693: result: yes
configure:3696: checking for C compiler default output file name
configure:3698: result: a.out
configure:3704: checking for suffix of executables
configure:3711: gcc -o conftest    conftest.c  >&5
configure:3715: $? = 0
configure:3738: result: 
configure:3760: checking whether we are cross compiling
configure:3768: gcc -o conftest    conftest.c  >&5
configure:3772: $? = 0
configure:3779: ./conftest
configure:3783: $? = 0
configure:3798: result: no
configure:3803: checking for suffix of object files
configure:3826: gcc -c   conftest.c >&5
configure:3830: $? = 0
configure:3852: result: o
configure:3856: checking whether the compiler supports GNU C
configure:3876: gcc -c   conftest.c >&5
configure:3876: $? = 0
configure:3886: result: yes
configure:3897: checking whether gcc accepts -g
configure:3918: gcc -c -g  conftest.c >&5
configure:3918: $? = 0
configure:3962: result: yes
configure:3982: checking for gcc option to enable C11 features
configure:3997: gcc  -c -g -O2  conftest.c >&5
configure:3997: $? = 0
configure:4015: result: none needed
configure:4131: checking whether gcc understands -c and -o together
configure:4154: gcc -c conftest.c -o conftest2.o
configure:4157: $? = 0
configure:4154: gcc -c conftest.c -o conftest2.o
configure:4157: $? = 0
configure:4169: result: yes
configure:4188: checking dependency style of gcc
configure:4300: result: none
configure:4410: checking for pkg-config
configure:4433: found /usr/bin/pkg-config
configure:4445: result: /usr/bin/pkg-config
configure:4470: checking pkg-config is at least version 0.16
configure:4473: result: yes
configure:4491: checking for glib-2.0 >= 2.56.0
configure:4498: $PKG_CONFIG --exists --print-errors "$pkg_config_args"
configure:4501: $? = 0
configure:4515: $PKG_CONFIG --exists --print-errors "$pkg_config_args"
configure:4518: $? = 0
configure:4556: result: yes
configure:4566: $PKG_CONFIG --exists --print-errors "glib-2.0"
configure:4569: $? = 0
configure:4590: $PKG_CONFIG --exists --print-errors "glib-2.0"
configure:4593: $? = 0
configure:4614: $PKG_CONFIG --exists --print-errors "glib-2.0"
configure:4617: $? = 0
configure:4638: $PKG_CONFIG --exists --print-errors "gio-2.0"
configure:4641: $? = 0
configure:4658: checking for GLIB - version >= 2.56.0
configure:4764: gcc -o conftest -g -O2 -I/usr/include/glib-2.0 -I/usr/lib/x86_64-linux-gnu/glib-2.0/include   conftest.c -lglib-2.0  >&5
configure:4764: $? = 0
configure:4764: ./conftest
configure:4764: $? = 0
configure:4779: result: yes (version 2.72.4)
configure:4923: checking for pkg-config
configure:4958: result: /usr/bin/pkg-config
configure:4983: checking pkg-config is at least version 0.7
configure:4986: result: yes
configure:4996: checking for GTK+ - version >= 2.10.0
configure:5107: gcc -o conftest -g -O2 -pthread -I/usr/include/gtk-2.0 -I/usr/lib/x86_64-linux-gnu/gtk-2.0/include -I/usr/include/pango-1.0 -I/usr/include/atk-1.0 -I/usr/include/gdk-pixbuf-2.0 -I/usr/include/x86_64-linux-gnu -I/usr/include/pango-1.0 -I/usr/include/harfbuzz -I/usr/include/pango-1.0 -I/usr/include/libmount -I/usr/include/blkid -I/usr/include/fribidi -I/usr/include/cairo -I/usr/include/pixman-1 -I/usr/include/harfbuzz -I/usr/include/glib-2.0 -I/usr/lib/x86_64-linux-gnu/glib-2.0/include -I/usr/include/uuid -I/usr/include/freetype2 -I/usr/include/libpng16   conftest.c -lgtk-x11-2.0 -lgdk-x11-2.0 -lpangocairo-1.0 -latk-1.0 -lcairo -lgdk_pixbuf-2.0 -lgio-2.0 -lpangoft2-1.0 -lpango-1.0 -lgobject-2.0 -lglib-2.0 -lharfbuzz -lfontconfig -lfreetype  >&5
In file included from /usr/include/gtk-2.0/gtk/gtkobject.h:37,
                 from /usr/include/gtk-2.0/gtk/gtkwidget.h:36,
                 from /usr/include/gtk-2.0/gtk/gtkcontainer.h:35,
                 from /usr/include/gtk-2.0/gtk/gtkbin.h:35,
                 from /usr/include/gtk-2.0/gtk/gtkwindow.h:36,
                 from /usr/include/gtk-2.0/gtk/gtkdialog.h:35,
                 from /usr/include/gtk-2.0/gtk/gtkaboutdialog.h:32,
                 from /usr/include/gtk-2.0/gtk/gtk.h:33,
                 from conftest.c:12:
/usr/include/gtk-2.0/gtk/gtktypeutils.h:236:1: warning: 'GTypeDebugFlags' is deprecated [-Wdeprecated-declarations]
  236 | void            gtk_type_init   (GTypeDebugFlags    debug_flags);
      | ^~~~
In file included from /usr/include/glib-2.0/gobject/gobject.h:24,
                 from /usr/include/glib-2.0/gobject/gbinding.h:29,
                 from /usr/include/glib-2.0/glib-object.h:22,
                 from /usr/include/glib-2.0/gio/gioenums.h:28,
                 from /usr/include/glib-2.0/gio/giotypes.h:28,
                 from /usr/include/glib-2.0/gio/gio.h:26,
                 from /usr/include/gtk-2.0/gdk/gdkapplaunchcontext.h:30,
                 from /usr/include/gtk-2.0/gdk/gdk.h:32,
                 from /usr/include/gtk-2.0/gtk/gtk.h:32,
                 from conftest.c:12:
/usr/include/glib-2.0/gobject/gtype.h:698:1: note: declared here
  698 | {
      | ^
In file included from /usr/include/gtk-2.0/gtk/gtktoolitem.h:31,
                 from /usr/include/gtk-2.0/gtk/gtktoolbutton.h:30,
                 from /usr/include/gtk-2.0/gtk/gtkmenutoolbutton.h:30,
                 from /usr/include/gtk-2.0/gtk/gtk.h:126,
                 from conftest.c:12:
/usr/include/gtk-2.0/gtk/gtktooltips.h:73:3: warning: 'GTimeVal' is deprecated: Use 'GDateTime' instead [-Wdeprecated-declarations]
   73 |   GTimeVal last_popdown;
      |   ^~~~~~~~
In file included from /usr/include/glib-2.0/glib/galloca.h:32,
                 from /usr/include/glib-2.0/glib.h:30,
                 from /usr/include/glib-2.0/gobject/gbinding.h:28,
                 from /usr/include/glib-2.0/glib-object.h:22,
                 from /usr/include/glib-2.0/gio/gioenums.h:28,
                 from /usr/include/glib-2.0/gio/giotypes.h:28,
                 from /usr/include/glib-2.0/gio/gio.h:26,
                 from /usr/include/gtk-2.0/gdk/gdkapplaunchcontext.h:30,
                 from /usr/include/gtk-2.0/gdk/gdk.h:32,
                 from /usr/include/gtk-2.0/gtk/gtk.h:32,
                 from conftest.c:12:
/usr/include/glib-2.0/glib/gtypes.h:553:8: note: declared here
  553 | struct _GTimeVal
      |        ^~~~~~~~~
configure:5107: $? = 0
configure:5107: ./conftest
configure:5107: $? = 0
configure:5122: result: yes (version 2.24.33)
configure:5322: checking that generated files are newer than configure
configure:5328: result: done
configure:5351: creating ./config.status

## ---------------------- ##
## Running config.status. ##
## ---------------------- ##

This file was extended by dynamiclistview config.status 1.0.0, which was
generated by GNU Autoconf 2.71.  Invocation command line was

  CONFIG_FILES    = 
  CONFIG_HEADERS  = 
  CONFIG_LINKS    = 
  CONFIG_COMMANDS = 
  $ ./config.status 

on aggurohome

config.status:790: creating Makefile
config.status:947: executing depfiles commands

## ---------------- ##
## Cache variables. ##
## ---------------- ##

ac_cv_c_compiler_gnu=yes
ac_cv_env_CC_set=
ac_cv_env_CC_value=
ac_cv_env_CFLAGS_set=
ac_cv_env_CFLAGS_value=
ac_cv_env_CPPFLAGS_set=
ac_cv_env_CPPFLAGS_value=
ac_cv_env_GLIB_CFLAGS_set=
ac_cv_env_GLIB_CFLAGS_value=
ac_cv_env_GLIB_COMPILE_RESOURCES_set=
ac_cv_env_GLIB_COMPILE_RESOURCES_value=
ac_cv_env_GLIB_GENMARSHAL_set=
ac_cv_env_GLIB_GENMARSHAL_value=
ac_cv_env_GLIB_LIBS_set=
ac_cv_env_GLIB_LIBS_value=
ac_cv_env_GLIB_MKENUMS_set=
ac_cv_env_GLIB_MKENUMS_value=
ac_cv_env_GOBJECT_QUERY_set=
ac_cv_env_GOBJECT_QUERY_value=
ac_cv_env_LDFLAGS_set=
ac_cv_env_LDFLAGS_value=
ac_cv_env_LIBS_set=
ac_cv_env_LIBS_value=
ac_cv_env_PKG_CONFIG_LIBDIR_set=
ac_cv_env_PKG_CONFIG_LIBDIR_value=
ac_cv_env_PKG_CONFIG_PATH_set=
ac_cv_env_PKG_CONFIG_PATH_value=
ac_cv_env_PKG_CONFIG_set=
ac_cv_env_PKG_CONFIG_value=
ac_cv_env_build_alias_set=
ac_cv_env_build_alias_value=
ac_cv_env_host_alias_set=
ac_cv_env_host_alias_value=
ac_cv_env_target_alias_set=
ac_cv_env_target_alias_value=
ac_cv_objext=o
ac_cv_path_ac_pt_PKG_CONFIG=/usr/bin/pkg-config
ac_cv_path_install='/usr/bin/install -c'
ac_cv_path_mkdir=/usr/bin/mkdir
ac_cv_prog_AWK=gawk
ac_cv_prog_ac_ct_CC=gcc
ac_cv_prog_cc_c11=
ac_cv_prog_cc_g=yes
ac_cv_prog_cc_stdc=
ac_cv_prog_make_make_set=yes
ac_cv_prog_nasm=nasm
am_cv_CC_dependencies_compiler_type=none
am_cv_make_support_nested_variables=yes
am_cv_prog_cc_c_o=yes
pkg_cv_GLIB_CFLAGS='-I/usr/include/glib-2.0 -I/usr/lib/x86_64-linux-gnu/glib-2.0/include'
pkg_cv_GLIB_COMPILE_RESOURCES=/usr/bin/glib-compile-resources
pkg_cv_GLIB_GENMARSHAL=/usr/bin/glib-genmarshal
pkg_cv_GLIB_LIBS=-lglib-2.0
pkg_cv_GLIB_MKENUMS=/usr/bin/glib-mkenums
pkg_cv_GOBJECT_QUERY=/usr/bin/gobject-query

## ----------------- ##
## Output variables. ##
## ----------------- ##

ACLOCAL='${SHELL} '\''/home/agguro/Nasm/work-in-progress/SourceCode/GTK/gtk2.0/08-GtkTreeViewWidget/02-dynamiclistview/missing'\'' aclocal-1.16'
AMDEPBACKSLASH='\'
AMDEP_FALSE='#'
AMDEP_TRUE=''
AMTAR='$${TAR-tar}'
AM_BACKSLASH='\'
AM_DEFAULT_V='$(AM_DEFAULT_VERBOSITY)'
AM_DEFAULT_VERBOSITY='1'
AM_V='$(V)'
AUTOCONF='${SHELL} '\''/home/agguro/Nasm/work-in-progress/SourceCode/GTK/gtk2.0/08-GtkTreeViewWidget/02-dynamiclistview/missing'\'' autoconf'
AUTOHEADER='${SHELL} '\''/home/agguro/Nasm/work-in-progress/SourceCode/GTK/gtk2.0/08-GtkTreeViewWidget/02-dynamiclistview/missing'\'' autoheader'
AUTOMAKE='${SHELL} '\''/home/agguro/Nasm/work-in-progress/SourceCode/GTK/gtk2.0/08-GtkTreeViewWidget/02-dynamiclistview/missing'\'' automake-1.16'
AWK='gawk'
CC='gcc'
CCDEPMODE='depmode=none'
CFLAGS='-g -O2'
CPPFLAGS=''
CSCOPE='cscope'
CTAGS='ctags'
CYGPATH_W='echo'
DEFS='-DPACKAGE_NAME=\"dynamiclistview\" -DPACKAGE_TARNAME=\"dynamiclistview\" -DPACKAGE_VERSION=\"1.0.0\" -DPACKAGE_STRING=\"dynamiclistview\ 1.0.0\" -DPACKAGE_BUGREPORT=\"aggurobe@gmail.com\" -DPACKAGE_URL=\"https://linuxnasm.be\" -DPACKAGE=\"dynamiclistview\" -DVERSION=\"1.0.0\"'
DEPDIR='.deps'
ECHO_C=''
ECHO_N='-n'
ECHO_T=''
ETAGS='etags'
EXEEXT=''
GLIB_CFLAGS='-I/usr/include/glib-2.0 -I/usr/lib/x86_64-linux-gnu/glib-2.0/include'
GLIB_COMPILE_RESOURCES='/usr/bin/glib-compile-resources'
GLIB_GENMARSHAL='/usr/bin/glib-genmarshal'
GLIB_LIBS='-lglib-2.0'
GLIB_MKENUMS='/usr/bin/glib-mkenums'
GOBJECT_QUERY='/usr/bin/gobject-query'
GTK_CFLAGS='-pthread -I/usr/include/gtk-2.0 -I/usr/lib/x86_64-linux-gnu/gtk-2.0/include -I/usr/include/pango-1.0 -I/usr/include/atk-1.0 -I/usr/include/gdk-pixbuf-2.0 -I/usr/include/x86_64-linux-gnu -I/usr/include/pango-1.0 -I/usr/include/harfbuzz -I/usr/include/pango-1.0 -I/usr/include/libmount -I/usr/include/blkid -I/usr/include/fribidi -I/usr/include/cairo -I/usr/include/pixman-1 -I/usr/include/harfbuzz -I/usr/include/glib-2.0 -I/usr/lib/x86_64-linux-gnu/glib-2.0/include -I/usr/include/uuid -I/usr/include/freetype2 -I/usr/include/libpng16'
GTK_LIBS='-lgtk-x11-2.0 -lgdk-x11-2.0 -lpangocairo-1.0 -latk-1.0 -lcairo -lgdk_pixbuf-2.0 -lgio-2.0 -lpangoft2-1.0 -lpango-1.0 -lgobject-2.0 -lglib-2.0 -lharfbuzz -lfontconfig -lfreetype'
INSTALL_DATA='${INSTALL} -m 644'
INSTALL_PROGRAM='${INSTALL}'
INSTALL_SCRIPT='${INSTALL}'
INSTALL_STRIP_PROGRAM='$(install_sh) -c -s'
LDFLAGS=''
LIBOBJS=''
LIBS=''
LTLIBOBJS=''
MAKEINFO='${SHELL} '\''/home/agguro/Nasm/work-in-progress/SourceCode/GTK/gtk2.0/08-GtkTreeViewWidget/02-dynamiclistview/missing'\'' makeinfo'
MKDIR_P='/usr/bin/mkdir -p'
OBJEXT='o'
PACKAGE='dynamiclistview'
PACKAGE_BUGREPORT='aggurobe@gmail.com'
PACKAGE_LDFLAGS='-m elf_x86_64 -g --dynamic-linker /lib64/ld-linux-x86-64.so.2'
PACKAGE_LIBS='-lc -lgtk-x11-2.0 -lgdk-x11-2.0 -lpangocairo-1.0 -latk-1.0 -lcairo -lgdk_pixbuf-2.0 -lgio-2.0 -lpangoft2-1.0 -lpango-1.0 -lgobject-2.0 -lglib-2.0 -lharfbuzz -lfontconfig -lfreetype'
PACKAGE_NAME='dynamiclistview'
PACKAGE_NASMFLAGS='-f elf64 -F dwarf -g'
PACKAGE_STRING='dynamiclistview 1.0.0'
PACKAGE_TARNAME='dynamiclistview'
PACKAGE_URL='https://linuxnasm.be'
PACKAGE_VERSION='1.0.0'
PATH_SEPARATOR=':'
PKG_CONFIG='/usr/bin/pkg-config'
PKG_CONFIG_LIBDIR=''
PKG_CONFIG_PATH=''
SET_MAKE=''
SHELL='/bin/bash'
STRIP=''
VERSION='1.0.0'
ac_ct_CC='gcc'
am__EXEEXT_FALSE=''
am__EXEEXT_TRUE='#'
am__fastdepCC_FALSE=''
am__fastdepCC_TRUE='#'
am__include='include'
am__isrc=' -I$(srcdir)'
am__leading_dot='.'
am__nodep='_no'
am__quote=''
am__tar='$${TAR-tar} chof - "$$tardir"'
am__untar='$${TAR-tar} xf -'
bindir='${exec_prefix}/bin'
build_alias=''
datadir='${datarootdir}'
datarootdir='${prefix}/share'
docdir='${datarootdir}/doc/${PACKAGE_TARNAME}'
dvidir='${docdir}'
exec_prefix='${prefix}'
host_alias=''
htmldir='${docdir}'
includedir='${prefix}/include'
infodir='${datarootdir}/info'
install_sh='${SHELL} /home/agguro/Nasm/work-in-progress/SourceCode/GTK/gtk2.0/08-GtkTreeViewWidget/02-dynamiclistview/install-sh'
libdir='${exec_prefix}/lib'
libexecdir='${exec_prefix}/libexec'
localedir='${datarootdir}/locale'
localstatedir='${prefix}/var'
mandir='${datarootdir}/man'
mkdir_p='$(MKDIR_P)'
nasm='nasm'
oldincludedir='/usr/include'
pdfdir='${docdir}'
prefix='/usr/local'
program_transform_name='s,x,x,'
psdir='${docdir}'
runstatedir='${localstatedir}/run'
sbindir='${exec_prefix}/sbin'
sharedstatedir='${prefix}/com'
sysconfdir='${prefix}/etc'
target_alias=''

## ----------- ##
## confdefs.h. ##
## ----------- ##

/* confdefs.h */
#define PACKAGE_NAME "dynamiclistview"
#define PACKAGE_TARNAME "dynamiclistview"
#define PACKAGE_VERSION "1.0.0"
#define PACKAGE_STRING "dynamiclistview 1.0.0"
#define PACKAGE_BUGREPORT "aggurobe@gmail.com"
#define PACKAGE_URL "https://linuxnasm.be"
#define PACKAGE "dynamiclistview"
#define VERSION "1.0.0"

configure: exit 0
