     1                                  %include "../includes/startup.inc"
     1                              <1> %ifndef _ASM_BOOTCD_INC_
     2                              <1>      %define   _ASM_BOOTCD_INC_ 1
     3                              <1> 
     4                              <1>      %define   KERNELSTARTCS   0x0070   ; we load the kernel at 0070:0000 the I/O drivers from IO.SYS and IBMBIO.COM
     5                              <1>      %define   KERNELSTARTIP   0x0000   ; this gives us 0070:0000 - 07C0:0000 memory to use for kernel.bin
     6                              <1>      %define   PEMCS           0x3000
     7                              <1>      %define   PEMIP           0x0000
     8                              <1>      %define   PEMSS           0x7000
     9                              <1>      %define   PEMSP           0xFFFE
    10                              <1>      
    11                              <1> STRUC SPECIFICATION_PACKET_STRUC
    12 00000000 <res 00000001>      <1>      .packed_size:                 resb      1
    13 00000001 <res 00000001>      <1>      .boot_media_type:             resb      1
    14 00000002 <res 00000001>      <1>      .drive_number:                resb      1
    15 00000003 <res 00000001>      <1>      .controller_index:            resb      1
    16 00000004 <res 00000004>      <1>      .logical_block_address:       resd      1
    17 00000008 <res 00000002>      <1>      .device_specification:        resw      1
    18 0000000A <res 00000002>      <1>      .buffer_segment:              resw      1
    19 0000000C <res 00000002>      <1>      .load_segment:                resw      1
    20 0000000E <res 00000002>      <1>      .virtual_sectors:             resw      1
    21 00000010 <res 00000001>      <1>      .cylinder_count:              resb      1
    22 00000011 <res 00000001>      <1>      .sector_count:                resb      1
    23 00000012 <res 00000001>      <1>      .head_count:                  resb      1
    24                              <1> ENDSTRUC
    25                              <1> 
    26                              <1> %macro SPECIFICATION_PACKET 1
    27                              <1>      %1:  ISTRUC SPECIFICATION_PACKET_STRUC
    28                              <1>           at   SPECIFICATION_PACKET_STRUC.packed_size,                 db        0x13
    29                              <1>           at   SPECIFICATION_PACKET_STRUC.boot_media_type,             db        0
    30                              <1>           at   SPECIFICATION_PACKET_STRUC.drive_number,                db        0
    31                              <1>           at   SPECIFICATION_PACKET_STRUC.controller_index,            db        0
    32                              <1>           at   SPECIFICATION_PACKET_STRUC.logical_block_address,       dd        0
    33                              <1>           at   SPECIFICATION_PACKET_STRUC.device_specification,        dw        0
    34                              <1>           at   SPECIFICATION_PACKET_STRUC.buffer_segment,              dw        0
    35                              <1>           at   SPECIFICATION_PACKET_STRUC.load_segment,                dw        0
    36                              <1>           at   SPECIFICATION_PACKET_STRUC.virtual_sectors,             dw        0
    37                              <1>           at   SPECIFICATION_PACKET_STRUC.cylinder_count,              db        0
    38                              <1>           at   SPECIFICATION_PACKET_STRUC.sector_count,                db        0
    39                              <1>           at   SPECIFICATION_PACKET_STRUC.head_count,                  db        0
    40                              <1>      IEND
    41                              <1>      %define %1.packed_size                 %1+SPECIFICATION_PACKET_STRUC.packed_size
    42                              <1>      %define %1.boot_media_type             %1+SPECIFICATION_PACKET_STRUC.boot_media_type
    43                              <1>      %define %1.drive_number                %1+SPECIFICATION_PACKET_STRUC.drive_number
    44                              <1>      %define %1.controller_index            %1+SPECIFICATION_PACKET_STRUC.controller_index
    45                              <1>      %define %1.logical_block_address       %1+SPECIFICATION_PACKET_STRUC.logical_block_address
    46                              <1>      %define %1.device_specification        %1+SPECIFICATION_PACKET_STRUC.device_specification
    47                              <1>      %define %1.buffer_segment              %1+SPECIFICATION_PACKET_STRUC.buffer_segment
    48                              <1>      %define %1.load_segment                %1+SPECIFICATION_PACKET_STRUC.load_segment
    49                              <1>      %define %1.virtual_sectors             %1+SPECIFICATION_PACKET_STRUC.virtual_sectors
    50                              <1>      %define %1.cylinder_count              %1+SPECIFICATION_PACKET_STRUC.cylinder_count
    51                              <1>      %define %1.sector_count                %1+SPECIFICATION_PACKET_STRUC.sector_count
    52                              <1>      %define %1.head_count                  %1+SPECIFICATION_PACKET_STRUC.head_count
    53                              <1> %endmacro
    54                              <1> 
    55                              <1> STRUC DISK_ADDRESS_PACKET_STRUC
    56 00000000 <res 00000001>      <1>      .size:                        resb      1
    57 00000001 <res 00000001>      <1>      .reserved:                    resb      1
    58 00000002 <res 00000002>      <1>      .sectors_to_read:             resw      1
    59 00000004 <res 00000002>      <1>      .offset:                      resw      1
    60 00000006 <res 00000002>      <1>      .segment:                     resw      1
    61 00000008 <res 00000004>      <1>      .start_absolute_sector:       resd      1
    62 0000000C <res 00000004>      <1>      .transfer_buffer_address:     resd      1
    63                              <1> ENDSTRUC
    64                              <1> 
    65                              <1> %macro DISK_ADDRESS_PACKET 3
    66                              <1>      %1:  ISTRUC DISK_ADDRESS_PACKET_STRUC
    67                              <1>           at   DISK_ADDRESS_PACKET_STRUC.size,                        db        16
    68                              <1>           at   DISK_ADDRESS_PACKET_STRUC.reserved,                    db        0
    69                              <1>           at   DISK_ADDRESS_PACKET_STRUC.sectors_to_read,             dw        1
    70                              <1>           at   DISK_ADDRESS_PACKET_STRUC.offset,                      dw        %3
    71                              <1>           at   DISK_ADDRESS_PACKET_STRUC.segment,                     dw        %2
    72                              <1>           at   DISK_ADDRESS_PACKET_STRUC.start_absolute_sector,       dd        16
    73                              <1>           at   DISK_ADDRESS_PACKET_STRUC.transfer_buffer_address,     dd        0
    74                              <1>      IEND
    75                              <1>      %define %1.size                         %1+DISK_ADDRESS_PACKET_STRUC.size
    76                              <1>      %define %1.sectors_to_read              %1+DISK_ADDRESS_PACKET_STRUC.sectors_to_read
    77                              <1>      %define %1.offset                       %1+DISK_ADDRESS_PACKET_STRUC.offset
    78                              <1>      %define %1.segment                      %1+DISK_ADDRESS_PACKET_STRUC.segment
    79                              <1>      %define %1.start_absolute_sector        %1+DISK_ADDRESS_PACKET_STRUC.start_absolute_sector
    80                              <1>      %define %1.transfer_buffer_address      %1+DISK_ADDRESS_PACKET_STRUC.transfer_buffer_address
    81                              <1> %endmacro
    82                              <1> 
    83                              <1> %endif
     2                                  
     3                                       BITS 16
     4                                       
     5                                  os_main:
     6                                       ; initialisation of kernel
     7                                       ; cs, ds, es, fs, gs and ss points to same segment (where kernel is loaded)
     8                                       ; sp points to last word of stacksegment
     9 00000000 FC                           cld
    10 00000001 8CC8                         mov       ax, cs                   ; Set all segments to match where kernel is loaded
    11 00000003 8ED8                         mov       ds, ax                   
    12 00000005 8EC0                         mov       es, ax                   
    13 00000007 8EE0                         mov       fs, ax                   
    14 00000009 8EE8                         mov       gs, ax
    15 0000000B FA                           cli                                ; Clear interrupts
    16 0000000C 8ED0                         mov       ss, ax                   ; Set stack segment and pointer
    17 0000000E BCFEFF                       mov       sp, 0FFFEh
    18 00000011 FB                           sti                                ; Restore interrupts
    19 00000012 8816[8900]                   mov       byte[bootdrive], dl      ; save boot drive letter
    20                                       
    21 00000016 B8024F                       mov       ax, 0x4F02
    22 00000019 BB0701                       mov       bx, 0x107              ; <-1280x1024 256 = 107h colors
    23 0000001C B8024F                       mov       ax,0x4F02
    24 0000001F CD10                         int       0x10
    25                                  
    26                                       ; print welcome screen
    27 00000021 BE[5400]                     mov       si, welcome
    28 00000024 E8E201                       call      Print
    29                                       
    30                                       ; load file from cd
    31 00000027 BE[8C00]                     mov       si, pem1
    32 0000002A E8ED01                       call      LoadFile     
    33 0000002D 7205                         jc        NotFound                 ; file wasn't found, so not loaded and will not be executed
    34 0000002F E8DB02                       call      Execute
    35 00000032 EB17                         jmp       Continue
    36                                       
    37                                  NotFound:
    38 00000034 8B36[8A00]                   mov       si, [fileName]
    39 00000038 E8CE01                       call      Print
    40 0000003B BE[B101]                     mov       si, notfound
    41 0000003E E8C801                       call      Print
    42 00000041 BE[BF01]                     mov       si, pressAnyKey
    43 00000044 E8C201                       call      Print
    44 00000047 30E4                         xor       ah, ah
    45 00000049 CD16                         int       0x16                                                   ; wait for key press
    46                                  
    47                                  Continue: 
    48                                  
    49 0000004B BE[5400]                     mov       si, welcome
    50 0000004E E8B801                       call      Print
    51                                       
    52                                  osloop:
    53                                  
    54 00000051 F4                           hlt
    55 00000052 EBFD                         jmp       osloop
    56                                          
    57 00000054 4D696E69204B65726E-     welcome:       db   'Mini Kernel example by Agguro - Version 1.0.0 Beta', 10, 13, 0
    57 0000005D 656C206578616D706C-
    57 00000066 652062792041676775-
    57 0000006F 726F202D2056657273-
    57 00000078 696F6E20312E302E30-
    57 00000081 20426574610A0D00   
    58 00000089 00                      bootdrive:     db   0
    59 0000008A 0000                    fileName:      dw   0
    60 0000008C 50454D312E42494E00      pem1:          db   'PEM1.BIN', 0
    61 00000095 50454D322E42494E00      pem2:          db   'PEM2.BIN', 0
    62 0000009E 50454D332E42494E00      pem3:          db   'PEM3.BIN', 0
    63                                  
    64 000000A7 00                      directoryEntrySize:      db   0
    65 000000A8 00000000                fileSector:              dd   0
    66 000000AC 00000000                fileSize:                dd   0
    67 000000B0 00                      fileNameLength:          db   0
    68 000000B1 20<rept>                fileNameEntry:           TIMES 255 db ' '     
    69 000001B0 00                      fileEntryNumber:         db   0
    70 000001B1 206E6F7420666F756E-     notfound:                db   " not found.",10,13,0
    70 000001BA 642E0A0D00         
    71 000001BF 707265737320616E79-     pressAnyKey:             db   "press any key to continue...",10,13,0
    71 000001C8 206B657920746F2063-
    71 000001D1 6F6E74696E75652E2E-
    71 000001DA 2E0A0D00           
    72 000001DE 0000                    stackpointer:            dw   0
    73                                  
    74 000001E0 3030680A0D00            databyte:  db "00h",10,13,0
    75                                  
    76                                  SPECIFICATION_PACKET     specificationPacket
    76                              <1>  %1: ISTRUC SPECIFICATION_PACKET_STRUC
    76 000001E6 13                  <1>  at SPECIFICATION_PACKET_STRUC.packed_size, db 0x13
    76 000001E7 00                  <1>  at SPECIFICATION_PACKET_STRUC.boot_media_type, db 0
    76 000001E8 00                  <1>  at SPECIFICATION_PACKET_STRUC.drive_number, db 0
    76 000001E9 00                  <1>  at SPECIFICATION_PACKET_STRUC.controller_index, db 0
    76 000001EA 00000000            <1>  at SPECIFICATION_PACKET_STRUC.logical_block_address, dd 0
    76 000001EE 0000                <1>  at SPECIFICATION_PACKET_STRUC.device_specification, dw 0
    76 000001F0 0000                <1>  at SPECIFICATION_PACKET_STRUC.buffer_segment, dw 0
    76 000001F2 0000                <1>  at SPECIFICATION_PACKET_STRUC.load_segment, dw 0
    76 000001F4 0000                <1>  at SPECIFICATION_PACKET_STRUC.virtual_sectors, dw 0
    76 000001F6 00                  <1>  at SPECIFICATION_PACKET_STRUC.cylinder_count, db 0
    76 000001F7 00                  <1>  at SPECIFICATION_PACKET_STRUC.sector_count, db 0
    76 000001F8 00                  <1>  at SPECIFICATION_PACKET_STRUC.head_count, db 0
    76                              <1>  IEND
    76                              <1>  %define %1.packed_size %1+SPECIFICATION_PACKET_STRUC.packed_size
    76                              <1>  %define %1.boot_media_type %1+SPECIFICATION_PACKET_STRUC.boot_media_type
    76                              <1>  %define %1.drive_number %1+SPECIFICATION_PACKET_STRUC.drive_number
    76                              <1>  %define %1.controller_index %1+SPECIFICATION_PACKET_STRUC.controller_index
    76                              <1>  %define %1.logical_block_address %1+SPECIFICATION_PACKET_STRUC.logical_block_address
    76                              <1>  %define %1.device_specification %1+SPECIFICATION_PACKET_STRUC.device_specification
    76                              <1>  %define %1.buffer_segment %1+SPECIFICATION_PACKET_STRUC.buffer_segment
    76                              <1>  %define %1.load_segment %1+SPECIFICATION_PACKET_STRUC.load_segment
    76                              <1>  %define %1.virtual_sectors %1+SPECIFICATION_PACKET_STRUC.virtual_sectors
    76                              <1>  %define %1.cylinder_count %1+SPECIFICATION_PACKET_STRUC.cylinder_count
    76                              <1>  %define %1.sector_count %1+SPECIFICATION_PACKET_STRUC.sector_count
    76                              <1>  %define %1.head_count %1+SPECIFICATION_PACKET_STRUC.head_count
    77                                  DISK_ADDRESS_PACKET      diskAddressPacket,PEMCS,PEMIP
    77                              <1>  %1: ISTRUC DISK_ADDRESS_PACKET_STRUC
    77 000001F9 10                  <1>  at DISK_ADDRESS_PACKET_STRUC.size, db 16
    77 000001FA 00                  <1>  at DISK_ADDRESS_PACKET_STRUC.reserved, db 0
    77 000001FB 0100                <1>  at DISK_ADDRESS_PACKET_STRUC.sectors_to_read, dw 1
    77 000001FD 0000                <1>  at DISK_ADDRESS_PACKET_STRUC.offset, dw %3
    77 000001FF 0030                <1>  at DISK_ADDRESS_PACKET_STRUC.segment, dw %2
    77 00000201 10000000            <1>  at DISK_ADDRESS_PACKET_STRUC.start_absolute_sector, dd 16
    77 00000205 00000000            <1>  at DISK_ADDRESS_PACKET_STRUC.transfer_buffer_address, dd 0
    77                              <1>  IEND
    77                              <1>  %define %1.size %1+DISK_ADDRESS_PACKET_STRUC.size
    77                              <1>  %define %1.sectors_to_read %1+DISK_ADDRESS_PACKET_STRUC.sectors_to_read
    77                              <1>  %define %1.offset %1+DISK_ADDRESS_PACKET_STRUC.offset
    77                              <1>  %define %1.segment %1+DISK_ADDRESS_PACKET_STRUC.segment
    77                              <1>  %define %1.start_absolute_sector %1+DISK_ADDRESS_PACKET_STRUC.start_absolute_sector
    77                              <1>  %define %1.transfer_buffer_address %1+DISK_ADDRESS_PACKET_STRUC.transfer_buffer_address
    78                                       
    79                                  Print:
    80 00000209 60                           pusha
    81 0000020A B40E                         mov       ah, 0Eh             ; int 10h teletype function
    82 0000020C BB0F00                       mov       bx, 0x000F
    83                                  .repeat:
    84 0000020F AC                           lodsb                         ; Get char from string
    85 00000210 3C00                         cmp       al, 0
    86 00000212 7404                         je        .done               ; If char is zero, end of string
    87 00000214 CD10                         int       10h                 ; Otherwise, print it
    88 00000216 EBF7                         jmp       .repeat             ; And move on to next char
    89                                  .done:
    90 00000218 61                           popa
    91 00000219 C3                           ret
    92                                  
    93                                  LoadFile:
    94                                  ; Call Check Extensions Present?
    95 0000021A 8936[8A00]                   mov       [fileName], si
    96 0000021E 6660                         pushad
    97 00000220 8E06[FF01]                   mov       es, word[diskAddressPacket.segment]
    98 00000224 8B3E[FD01]                   mov       di, word[diskAddressPacket.offset]
    99 00000228 8A16[8900]                   mov       dl, byte[bootdrive]                                    ; Prepare to read CD-ROM, load boot drive
   100                                       
   101 0000022C B442                         mov       ah, 0x42                                               ; Read from drive function, DL holds the boot drive
   102 0000022E BE[F901]                     mov       si, diskAddressPacket                                  ; Load SI with address of the Disk Address Packet
   103 00000231 CD13                         int       0x13                                                   ; Call read sector from drive
   104 00000233 7213                         jc        NonBootable
   105 00000235 26668B859E00                 mov       eax, dword[es:di+158]                                  ; LBA of root directory, where all things start.
   106 0000023B 66A3[0102]                   mov       dword[diskAddressPacket.start_absolute_sector], eax    ; Load packet with new address on CD of the root directory
   107 0000023F B442                         mov       ah, 0x42                                               ; Read from drive function, DL holds the boot drive
   108 00000241 BE[F901]                     mov       si, diskAddressPacket                                  ; Load SI with address of DAP
   109 00000244 CD13                         int       0x13
   110 00000246 7304                         jnc       SearchFile
   111                                  
   112                                  NonBootable:
   113 00000248 6661                         popad
   114 0000024A F9                           stc
   115 0000024B C3                           ret                                                              ; reboot system
   116                                  
   117                                  SearchFile:     
   118                                  .nextDirEntry:
   119                                      
   120 0000024C 268A05                       mov       al, byte[es:di]                                        ; Length of the current directory entry
   121 0000024F A2[A700]                     mov       byte[directoryEntrySize],al
   122 00000252 26668B4502                   mov       eax, dword[es:di+2]                                    ; Starting sector of directory entry
   123 00000257 66A3[A800]                   mov       dword[fileSector], eax
   124 0000025B 26668B450A                   mov       eax, dword[es:di+10]                                   ; Size of file on CD/DVD/BD
   125 00000260 66A3[AC00]                   mov       dword[fileSize], eax
   126                                  
   127 00000264 268A4520                     mov       al, byte[es:di+32]                                     ; File's name length (see El Torito of ISO:9660 or CDROM.ASM)
   128 00000268 FEC8                         dec       al                                                     ; for trailing ;
   129 0000026A FEC8                         dec       al                                                     ; for trailing 1
   130 0000026C A2[B000]                     mov       byte[fileNameLength], al
   131                                  
   132 0000026F 31DB                         xor       bx, bx
   133 00000271 31C9                         xor       cx, cx
   134 00000273 89FE                         mov       si, di
   135 00000275 83C621                       add       si, 33
   136 00000278 BB[B100]                     mov       bx, fileNameEntry
   137 0000027B A0[B000]                     mov       al, byte[fileNameLength]
   138                                  
   139                                  .LoopFileNameEntry:
   140                                  
   141 0000027E 268A04                       mov       al, byte[es:si]
   142 00000281 3E8807                       mov       byte[ds:bx], al
   143 00000284 43                           inc       bx
   144 00000285 41                           inc       cx
   145 00000286 46                           inc       si
   146 00000287 31C0                         xor       ax, ax
   147 00000289 A0[B000]                     mov       al, byte[fileNameLength]
   148 0000028C 39C1                         cmp       cx, ax
   149 0000028E 75EE                         jne        .LoopFileNameEntry
   150                                  
   151 00000290 3EC60700                     mov       byte[ds:bx],0
   152                                  
   153 00000294 BE[B100]                     mov       si, fileNameEntry
   154 00000297 57                           push      di
   155 00000298 8B3E[8A00]                   mov       di, [fileName]
   156                                      
   157                                  .CompareLoop:
   158                                  
   159 0000029C 8A04                         mov       al, byte[si]        ; Grab byte from ESI
   160 0000029E 8A1D                         mov       bl, byte[di]        ; Grab byte from EDI
   161 000002A0 38D8                         cmp       al, bl              ; Compare if they are equal
   162 000002A2 7508                         jne       .NotEqual           ; They aren't equal
   163                                  
   164 000002A4 20C0                         and       al, al              ; Both bytes are null
   165 000002A6 7407                         jz        .compareDone
   166                                  
   167 000002A8 47                           inc       di             ; Increment EDI
   168 000002A9 46                           inc       si             ; Increment ESI
   169 000002AA EBF0                         jmp       .CompareLoop           ; Start looping
   170                                  
   171                                  .NotEqual:
   172 000002AC F9                           stc                        ; Set the carry flag to indicate failure
   173 000002AD EB01                         jmp       .compareEnd
   174                                  
   175                                  .compareDone:
   176                                  
   177 000002AF F8                           clc                 ; Clear the carry flag to indicate success
   178                                  
   179                                  .compareEnd:
   180                                      
   181 000002B0 5F                           pop       di
   182 000002B1 7326                         jnc       .nextsector
   183                                       
   184 000002B3 31C9                         xor       cx, cx                                   ; Prepare CX to do math for DI
   185 000002B5 8A0E[A700]                   mov       cl, byte[directoryEntrySize]                 ; Get the size of the directory entry
   186 000002B9 01CF                         add       di, cx                                   ; Add that size to the DI to get to the next record
   187 000002BB 26803D00                     cmp       byte[es:di],0                          ; Is the next entry = 0?
   188 000002BF 7487                         je        NonBootable                                     ; If so, we're at the end of the directory, move on
   189                                  
   190 000002C1 31C9                         xor       cx, cx
   191 000002C3 BB[B100]                     mov       bx, fileNameEntry
   192                                  
   193                                  .ClearFileNameEntry:
   194                                  
   195 000002C6 3EC60700                     mov       byte[ds:bx],0                           ; Erase the begin
   196 000002CA 43                           inc       bx
   197 000002CB 41                           inc       cx
   198 000002CC 81F9FE00                     cmp       cx, 254
   199 000002D0 72F4                         jb        .ClearFileNameEntry
   200 000002D2 3EC60700                     mov       byte[ds:bx],0
   201 000002D6 E973FF                       jmp       SearchFile.nextDirEntry
   202                                  
   203                                  .nextsector:     
   204 000002D9 66A1[A800]                   mov       eax, dword[fileSector]
   205 000002DD 66A3[0102]                   mov       dword[diskAddressPacket.start_absolute_sector], eax             ; Save the starting sector into DAP
   206 000002E1 66A1[AC00]                   mov       eax, dword[fileSize]
   207 000002E5 6631D2                       xor       edx, edx
   208 000002E8 66BB00080000                 mov       ebx, 2048
   209 000002EE 66F7F3                       div       ebx
   210 000002F1 6640                         inc       eax
   211 000002F3 A3[FB01]                     mov       [diskAddressPacket.sectors_to_read], ax    ; Save number of sectors to read
   212                                  
   213 000002F6 8A16[8900]                   mov       dl, byte[bootdrive]                      ; boot drive in DL
   214 000002FA B442                         mov       ah,0x42                                  ; Read from drive function
   215 000002FC BE[F901]                     mov       si,diskAddressPacket                    ; Load SI with address of the Disk Address Packet
   216 000002FF CD13                         int       0x13                                     ; Call read sector from drive
   217 00000301 0F8243FF                     jc        NonBootable                                  ; Nope, hosed, get out
   218                                       
   219 00000305 66A1[F901]                   mov       eax,dword[diskAddressPacket]
   220 00000309 6661                         popad
   221 0000030B F8                           clc
   222 0000030C C3                           ret
   223                                  
   224                                  Execute:
   225                                       ; pushing stackpointer onto stack won't work
   226 0000030D 8926[DE01]                   mov       word[stackpointer], sp        ; save stackpointer in memory
   227 00000311 B80030                       mov       ax, PEMCS                     ; Set all segments to match where kernel is loaded
   228 00000314 8ED8                         mov       ds, ax                   
   229 00000316 8EC0                         mov       es, ax                   
   230 00000318 8EE0                         mov       fs, ax                   
   231 0000031A 8EE8                         mov       gs, ax
   232 0000031C B80070                       mov       ax, PEMSS               ; stacksegment at last useable segment in low RAM
   233 0000031F FA                           cli
   234 00000320 54                           push      sp
   235 00000321 8ED0                         mov       ss, ax
   236 00000323 BCFEFF                       mov       sp, PEMSP               ; stackpointer at last word of stack
   237 00000326 FB                           sti
   238 00000327 F8                           clc
   239 00000328 FC                           cld
   240 00000329 31C0                         xor       ax, ax
   241 0000032B 31DB                         xor       bx, bx
   242 0000032D 31C9                         xor       cx, cx
   243 0000032F 31D2                         xor       dx, dx
   244 00000331 31F6                         xor       si, si
   245 00000333 31FF                         xor       di, di
   246 00000335 31ED                         xor       bp, bp
   247 00000337 9A00000030                   call      PEMCS:PEMIP
   248 0000033C 8CC8                         mov       ax, cs
   249 0000033E FA                           cli
   250 0000033F 8ED0                         mov       ss, ax
   251 00000341 5C                           pop       sp
   252 00000342 FB                           sti
   253 00000343 8ED8                         mov       ds, ax                   
   254 00000345 8EC0                         mov       es, ax                   
   255 00000347 8EE0                         mov       fs, ax                   
   256 00000349 8EE8                         mov       gs, ax
   257 0000034B 8B26[DE01]                   mov       sp, word[stackpointer]
   258 0000034F C3                           ret       
