This file contains any messages produced by compilers while
running configure, to aid debugging if configure makes a mistake.

It was created by simplewindow configure 1.0.0, which was
generated by GNU Autoconf 2.69.  Invocation command line was

  $ ../configure 

## --------- ##
## Platform. ##
## --------- ##

hostname = OMEN
uname -m = x86_64
uname -r = 5.3.0-40-generic
uname -s = Linux
uname -v = #32~18.04.1-Ubuntu SMP Mon Feb 3 14:05:59 UTC 2020

/usr/bin/uname -p = unknown
/bin/uname -X     = unknown

/bin/arch              = unknown
/usr/bin/arch -k       = unknown
/usr/convex/getsysinfo = unknown
/usr/bin/hostinfo      = unknown
/bin/machine           = unknown
/usr/bin/oslevel       = unknown
/bin/universe          = unknown

PATH: /usr/local/sbin
PATH: /usr/local/bin
PATH: /usr/sbin
PATH: /usr/bin
PATH: /sbin
PATH: /bin
PATH: /usr/games
PATH: /usr/local/games


## ----------- ##
## Core tests. ##
## ----------- ##

configure:1730: checking for nasm
configure:1746: found /usr/bin/nasm
configure:1757: result: nasm
configure:1828: checking for a BSD-compatible install
configure:1896: result: /usr/bin/install -c
configure:1907: checking whether build environment is sane
configure:1962: result: yes
configure:2113: checking for a thread-safe mkdir -p
configure:2152: result: /bin/mkdir -p
configure:2159: checking for gawk
configure:2175: found /usr/bin/gawk
configure:2186: result: gawk
configure:2197: checking whether make sets $(MAKE)
configure:2219: result: yes
configure:2248: checking whether make supports nested variables
configure:2265: result: yes
configure:2539: checking that generated files are newer than configure
configure:2545: result: done
configure:2553: creating ./config.status

## ---------------------- ##
## Running config.status. ##
## ---------------------- ##

This file was extended by simplewindow config.status 1.0.0, which was
generated by GNU Autoconf 2.69.  Invocation command line was

  CONFIG_FILES    = 
  CONFIG_HEADERS  = 
  CONFIG_LINKS    = 
  CONFIG_COMMANDS = 
  $ ./config.status 

on OMEN

config.status:748: creating Makefile

## ---------------- ##
## Cache variables. ##
## ---------------- ##

ac_cv_env_build_alias_set=
ac_cv_env_build_alias_value=
ac_cv_env_host_alias_set=
ac_cv_env_host_alias_value=
ac_cv_env_target_alias_set=
ac_cv_env_target_alias_value=
ac_cv_path_install='/usr/bin/install -c'
ac_cv_path_mkdir=/bin/mkdir
ac_cv_prog_AWK=gawk
ac_cv_prog_make_make_set=yes
ac_cv_prog_nasm=nasm
am_cv_make_support_nested_variables=yes

## ----------------- ##
## Output variables. ##
## ----------------- ##

ACLOCAL='${SHELL} /home/agguro/Nasm/source/websites/ZetCode/first-programs/simplewindow/missing aclocal-1.15'
AMTAR='$${TAR-tar}'
AM_BACKSLASH='\'
AM_DEFAULT_V='$(AM_DEFAULT_VERBOSITY)'
AM_DEFAULT_VERBOSITY='1'
AM_V='$(V)'
AUTOCONF='${SHELL} /home/agguro/Nasm/source/websites/ZetCode/first-programs/simplewindow/missing autoconf'
AUTOHEADER='${SHELL} /home/agguro/Nasm/source/websites/ZetCode/first-programs/simplewindow/missing autoheader'
AUTOMAKE='${SHELL} /home/agguro/Nasm/source/websites/ZetCode/first-programs/simplewindow/missing automake-1.15'
AWK='gawk'
CYGPATH_W='echo'
DEFS='-DPACKAGE_NAME=\"simplewindow\" -DPACKAGE_TARNAME=\"hello\" -DPACKAGE_VERSION=\"1.0.0\" -DPACKAGE_STRING=\"simplewindow\ 1.0.0\" -DPACKAGE_BUGREPORT=\"aggurobe@gmail.com\" -DPACKAGE_URL=\"https://linuxnasm.be\" -DPACKAGE=\"hello\" -DVERSION=\"1.0.0\"'
ECHO_C=''
ECHO_N='-n'
ECHO_T=''
INSTALL_DATA='${INSTALL} -m 644'
INSTALL_PROGRAM='${INSTALL}'
INSTALL_SCRIPT='${INSTALL}'
INSTALL_STRIP_PROGRAM='$(install_sh) -c -s'
LIBOBJS=''
LIBS=''
LTLIBOBJS=''
MAKEINFO='${SHELL} /home/agguro/Nasm/source/websites/ZetCode/first-programs/simplewindow/missing makeinfo'
MKDIR_P='/bin/mkdir -p'
PACKAGE='hello'
PACKAGE_BUGREPORT='aggurobe@gmail.com'
PACKAGE_LDFLAGS='-m elf_x86_64 -g --dynamic-linker /lib64/ld-linux-x86-64.so.2'
PACKAGE_LIBS='-lc -lgtk-3 -lgobject-2.0 -lgdk-3'
PACKAGE_NAME='simplewindow'
PACKAGE_NASMFLAGS='-f elf64 -F dwarf -g'
PACKAGE_STRING='simplewindow 1.0.0'
PACKAGE_TARNAME='hello'
PACKAGE_URL='https://linuxnasm.be'
PACKAGE_VERSION='1.0.0'
PATH_SEPARATOR=':'
SET_MAKE=''
SHELL='/bin/bash'
STRIP=''
VERSION='1.0.0'
am__isrc=' -I$(srcdir)'
am__leading_dot='.'
am__tar='$${TAR-tar} chof - "$$tardir"'
am__untar='$${TAR-tar} xf -'
bindir='${exec_prefix}/bin'
build_alias=''
datadir='${datarootdir}'
datarootdir='${prefix}/share'
docdir='${datarootdir}/doc/${PACKAGE_TARNAME}'
dvidir='${docdir}'
exec_prefix='${prefix}'
host_alias=''
htmldir='${docdir}'
includedir='${prefix}/include'
infodir='${datarootdir}/info'
install_sh='${SHELL} /home/agguro/Nasm/source/websites/ZetCode/first-programs/simplewindow/install-sh'
libdir='${exec_prefix}/lib'
libexecdir='${exec_prefix}/libexec'
localedir='${datarootdir}/locale'
localstatedir='${prefix}/var'
mandir='${datarootdir}/man'
mkdir_p='$(MKDIR_P)'
nasm='nasm'
oldincludedir='/usr/include'
pdfdir='${docdir}'
prefix='/usr/local'
program_transform_name='s,x,x,'
psdir='${docdir}'
runstatedir='${localstatedir}/run'
sbindir='${exec_prefix}/sbin'
sharedstatedir='${prefix}/com'
sysconfdir='${prefix}/etc'
target_alias=''

## ----------- ##
## confdefs.h. ##
## ----------- ##

/* confdefs.h */
#define PACKAGE_NAME "simplewindow"
#define PACKAGE_TARNAME "hello"
#define PACKAGE_VERSION "1.0.0"
#define PACKAGE_STRING "simplewindow 1.0.0"
#define PACKAGE_BUGREPORT "aggurobe@gmail.com"
#define PACKAGE_URL "https://linuxnasm.be"
#define PACKAGE "hello"
#define VERSION "1.0.0"

configure: exit 0
