     1                                  ; Name:         libhello.asm
     2                                  ;
     3                                  ; Build:        nasm -f elf64 -o libhello.o libhello.asm -l libhello.list
     4                                  ;               ar rcs libhello.a libhello.o
     5                                  ;
     6                                  ; Description:  static library (archivefile) demonstration
     7                                  
     8                                  [list -]
    11                                  
    12                                  bits 64
    13                                  align 16
    14                                  
    15                                  global  WriteString
    16                                  global  Exit
    17                                  
    18                                  section .text
    19                                  
    20                                  WriteString:
    21                                      ; string and length is already in RSI, RDX
    22 00000000 BF01000000B8010000-         syscall write, stdout, rsi, rdx
    22 00000009 000F05             
    23 0000000C C3                          ret
    24                                          
    25                                  Exit:
    26 0000000D 4831FFB83C0000000F-         syscall exit, 0
    26 00000016 05                 
